This file contains any messages produced by compilers while
running configure, to aid debugging if configure makes a mistake.

It was created by wsharktest configure 0.1, which was
generated by GNU Autoconf 2.69.  Invocation command line was

  $ ./configure --no-create --no-recursion

## --------- ##
## Platform. ##
## --------- ##

hostname = idp
uname -m = x86_64
uname -r = 3.13.0-88-generic
uname -s = Linux
uname -v = #135-Ubuntu SMP Wed Jun 8 21:10:42 UTC 2016

/usr/bin/uname -p = unknown
/bin/uname -X     = unknown

/bin/arch              = unknown
/usr/bin/arch -k       = unknown
/usr/convex/getsysinfo = unknown
/usr/bin/hostinfo      = unknown
/bin/machine           = unknown
/usr/bin/oslevel       = unknown
/bin/universe          = unknown

PATH: /usr/local/sbin
PATH: /usr/local/bin
PATH: /usr/sbin
PATH: /usr/bin
PATH: /sbin
PATH: /bin


## ----------- ##
## Core tests. ##
## ----------- ##

configure:2597: checking for a BSD-compatible install
configure:2665: result: /usr/bin/install -c
configure:2676: checking whether build environment is sane
configure:2713: result: yes
configure:2775: checking for gawk
configure:2805: result: no
configure:2775: checking for mawk
configure:2791: found /usr/bin/mawk
configure:2802: result: mawk
configure:2813: checking whether make sets $(MAKE)
configure:2835: result: yes
configure:3063: checking for gcc
configure:3079: found /usr/bin/gcc
configure:3090: result: gcc
configure:3319: checking for C compiler version
configure:3328: gcc --version >&5
gcc (Ubuntu 4.9.3-8ubuntu2~14.04) 4.9.3
Copyright (C) 2015 Free Software Foundation, Inc.
This is free software; see the source for copying conditions.  There is NO
warranty; not even for MERCHANTABILITY or FITNESS FOR A PARTICULAR PURPOSE.

configure:3339: $? = 0
configure:3328: gcc -v >&5
Using built-in specs.
COLLECT_GCC=gcc
COLLECT_LTO_WRAPPER=/usr/lib/gcc/x86_64-linux-gnu/4.9/lto-wrapper
Target: x86_64-linux-gnu
Configured with: ../src/configure -v --with-pkgversion='Ubuntu 4.9.3-8ubuntu2~14.04' --with-bugurl=file:///usr/share/doc/gcc-4.9/README.Bugs --enable-languages=c,c++,java,go,d,fortran,objc,obj-c++ --prefix=/usr --program-suffix=-4.9 --enable-shared --enable-linker-build-id --libexecdir=/usr/lib --without-included-gettext --enable-threads=posix --with-gxx-include-dir=/usr/include/c++/4.9 --libdir=/usr/lib --enable-nls --with-sysroot=/ --enable-clocale=gnu --enable-libstdcxx-debug --enable-libstdcxx-time=yes --enable-gnu-unique-object --disable-vtable-verify --enable-plugin --with-system-zlib --disable-browser-plugin --enable-java-awt=gtk --enable-gtk-cairo --with-java-home=/usr/lib/jvm/java-1.5.0-gcj-4.9-amd64/jre --enable-java-home --with-jvm-root-dir=/usr/lib/jvm/java-1.5.0-gcj-4.9-amd64 --with-jvm-jar-dir=/usr/lib/jvm-exports/java-1.5.0-gcj-4.9-amd64 --with-arch-directory=amd64 --with-ecj-jar=/usr/share/java/eclipse-ecj.jar --enable-objc-gc --enable-multiarch --disable-werror --with-arch-32=i686 --with-abi=m64 --with-multilib-list=m32,m64,mx32 --enable-multilib --with-tune=generic --enable-checking=release --build=x86_64-linux-gnu --host=x86_64-linux-gnu --target=x86_64-linux-gnu
Thread model: posix
gcc version 4.9.3 (Ubuntu 4.9.3-8ubuntu2~14.04) 
configure:3339: $? = 0
configure:3328: gcc -V >&5
gcc: error: unrecognized command line option '-V'
gcc: fatal error: no input files
compilation terminated.
configure:3339: $? = 4
configure:3328: gcc -qversion >&5
gcc: error: unrecognized command line option '-qversion'
gcc: fatal error: no input files
compilation terminated.
configure:3339: $? = 4
configure:3359: checking whether the C compiler works
configure:3381: gcc    conftest.c  >&5
configure:3385: $? = 0
configure:3433: result: yes
configure:3436: checking for C compiler default output file name
configure:3438: result: a.out
configure:3444: checking for suffix of executables
configure:3451: gcc -o conftest    conftest.c  >&5
configure:3455: $? = 0
configure:3477: result: 
configure:3499: checking whether we are cross compiling
configure:3507: gcc -o conftest    conftest.c  >&5
configure:3511: $? = 0
configure:3518: ./conftest
configure:3522: $? = 0
configure:3537: result: no
configure:3542: checking for suffix of object files
configure:3564: gcc -c   conftest.c >&5
configure:3568: $? = 0
configure:3589: result: o
configure:3593: checking whether we are using the GNU C compiler
configure:3612: gcc -c   conftest.c >&5
configure:3612: $? = 0
configure:3621: result: yes
configure:3630: checking whether gcc accepts -g
configure:3650: gcc -c -g  conftest.c >&5
configure:3650: $? = 0
configure:3691: result: yes
configure:3708: checking for gcc option to accept ISO C89
configure:3771: gcc  -c -g -O2  conftest.c >&5
configure:3771: $? = 0
configure:3784: result: none needed
configure:3815: checking for style of include used by make
configure:3843: result: GNU
configure:3871: checking dependency style of gcc
configure:3961: result: gcc3
configure:4055: checking build system type
configure:4069: result: x86_64-unknown-linux-gnu
configure:4089: checking host system type
configure:4102: result: x86_64-unknown-linux-gnu
configure:4122: checking for a sed that does not truncate output
configure:4178: result: /bin/sed
configure:4181: checking for grep that handles long lines and -e
configure:4239: result: /bin/grep
configure:4244: checking for egrep
configure:4306: result: /bin/grep -E
configure:4322: checking for ld used by gcc
configure:4389: result: /usr/bin/ld
configure:4396: checking if the linker (/usr/bin/ld) is GNU ld
configure:4411: result: yes
configure:4416: checking for /usr/bin/ld option to reload object files
configure:4423: result: -r
configure:4441: checking for BSD-compatible nm
configure:4490: result: /usr/bin/nm -B
configure:4494: checking whether ln -s works
configure:4498: result: yes
configure:4505: checking how to recognize dependent libraries
configure:4691: result: pass_all
configure:4780: gcc -c -g -O2  conftest.c >&5
configure:4783: $? = 0
configure:4911: checking how to run the C preprocessor
configure:4942: gcc -E  conftest.c
configure:4942: $? = 0
configure:4956: gcc -E  conftest.c
conftest.c:11:28: fatal error: ac_nonexistent.h: No such file or directory
 #include <ac_nonexistent.h>
                            ^
compilation terminated.
configure:4956: $? = 1
configure: failed program was:
| /* confdefs.h */
| #define PACKAGE_NAME "wsharktest"
| #define PACKAGE_TARNAME "wsharktest"
| #define PACKAGE_VERSION "0.1"
| #define PACKAGE_STRING "wsharktest 0.1"
| #define PACKAGE_BUGREPORT "peloy@chapus.net"
| #define PACKAGE_URL ""
| #define PACKAGE "wsharktest"
| #define VERSION "0.1"
| /* end confdefs.h.  */
| #include <ac_nonexistent.h>
configure:4981: result: gcc -E
configure:5001: gcc -E  conftest.c
configure:5001: $? = 0
configure:5015: gcc -E  conftest.c
conftest.c:11:28: fatal error: ac_nonexistent.h: No such file or directory
 #include <ac_nonexistent.h>
                            ^
compilation terminated.
configure:5015: $? = 1
configure: failed program was:
| /* confdefs.h */
| #define PACKAGE_NAME "wsharktest"
| #define PACKAGE_TARNAME "wsharktest"
| #define PACKAGE_VERSION "0.1"
| #define PACKAGE_STRING "wsharktest 0.1"
| #define PACKAGE_BUGREPORT "peloy@chapus.net"
| #define PACKAGE_URL ""
| #define PACKAGE "wsharktest"
| #define VERSION "0.1"
| /* end confdefs.h.  */
| #include <ac_nonexistent.h>
configure:5044: checking for ANSI C header files
configure:5064: gcc -c -g -O2  conftest.c >&5
configure:5064: $? = 0
configure:5137: gcc -o conftest -g -O2   conftest.c  >&5
configure:5137: $? = 0
configure:5137: ./conftest
configure:5137: $? = 0
configure:5148: result: yes
configure:5161: checking for sys/types.h
configure:5161: gcc -c -g -O2  conftest.c >&5
configure:5161: $? = 0
configure:5161: result: yes
configure:5161: checking for sys/stat.h
configure:5161: gcc -c -g -O2  conftest.c >&5
configure:5161: $? = 0
configure:5161: result: yes
configure:5161: checking for stdlib.h
configure:5161: gcc -c -g -O2  conftest.c >&5
configure:5161: $? = 0
configure:5161: result: yes
configure:5161: checking for string.h
configure:5161: gcc -c -g -O2  conftest.c >&5
configure:5161: $? = 0
configure:5161: result: yes
configure:5161: checking for memory.h
configure:5161: gcc -c -g -O2  conftest.c >&5
configure:5161: $? = 0
configure:5161: result: yes
configure:5161: checking for strings.h
configure:5161: gcc -c -g -O2  conftest.c >&5
configure:5161: $? = 0
configure:5161: result: yes
configure:5161: checking for inttypes.h
configure:5161: gcc -c -g -O2  conftest.c >&5
configure:5161: $? = 0
configure:5161: result: yes
configure:5161: checking for stdint.h
configure:5161: gcc -c -g -O2  conftest.c >&5
configure:5161: $? = 0
configure:5161: result: yes
configure:5161: checking for unistd.h
configure:5161: gcc -c -g -O2  conftest.c >&5
configure:5161: $? = 0
configure:5161: result: yes
configure:5175: checking dlfcn.h usability
configure:5175: gcc -c -g -O2  conftest.c >&5
configure:5175: $? = 0
configure:5175: result: yes
configure:5175: checking dlfcn.h presence
configure:5175: gcc -E  conftest.c
configure:5175: $? = 0
configure:5175: result: yes
configure:5175: checking for dlfcn.h
configure:5175: result: yes
configure:5243: checking for g++
configure:5259: found /usr/bin/g++
configure:5270: result: g++
configure:5297: checking for C++ compiler version
configure:5306: g++ --version >&5
g++ (Ubuntu 4.9.3-8ubuntu2~14.04) 4.9.3
Copyright (C) 2015 Free Software Foundation, Inc.
This is free software; see the source for copying conditions.  There is NO
warranty; not even for MERCHANTABILITY or FITNESS FOR A PARTICULAR PURPOSE.

configure:5317: $? = 0
configure:5306: g++ -v >&5
Using built-in specs.
COLLECT_GCC=g++
COLLECT_LTO_WRAPPER=/usr/lib/gcc/x86_64-linux-gnu/4.9/lto-wrapper
Target: x86_64-linux-gnu
Configured with: ../src/configure -v --with-pkgversion='Ubuntu 4.9.3-8ubuntu2~14.04' --with-bugurl=file:///usr/share/doc/gcc-4.9/README.Bugs --enable-languages=c,c++,java,go,d,fortran,objc,obj-c++ --prefix=/usr --program-suffix=-4.9 --enable-shared --enable-linker-build-id --libexecdir=/usr/lib --without-included-gettext --enable-threads=posix --with-gxx-include-dir=/usr/include/c++/4.9 --libdir=/usr/lib --enable-nls --with-sysroot=/ --enable-clocale=gnu --enable-libstdcxx-debug --enable-libstdcxx-time=yes --enable-gnu-unique-object --disable-vtable-verify --enable-plugin --with-system-zlib --disable-browser-plugin --enable-java-awt=gtk --enable-gtk-cairo --with-java-home=/usr/lib/jvm/java-1.5.0-gcj-4.9-amd64/jre --enable-java-home --with-jvm-root-dir=/usr/lib/jvm/java-1.5.0-gcj-4.9-amd64 --with-jvm-jar-dir=/usr/lib/jvm-exports/java-1.5.0-gcj-4.9-amd64 --with-arch-directory=amd64 --with-ecj-jar=/usr/share/java/eclipse-ecj.jar --enable-objc-gc --enable-multiarch --disable-werror --with-arch-32=i686 --with-abi=m64 --with-multilib-list=m32,m64,mx32 --enable-multilib --with-tune=generic --enable-checking=release --build=x86_64-linux-gnu --host=x86_64-linux-gnu --target=x86_64-linux-gnu
Thread model: posix
gcc version 4.9.3 (Ubuntu 4.9.3-8ubuntu2~14.04) 
configure:5317: $? = 0
configure:5306: g++ -V >&5
g++: error: unrecognized command line option '-V'
g++: fatal error: no input files
compilation terminated.
configure:5317: $? = 4
configure:5306: g++ -qversion >&5
g++: error: unrecognized command line option '-qversion'
g++: fatal error: no input files
compilation terminated.
configure:5317: $? = 4
configure:5321: checking whether we are using the GNU C++ compiler
configure:5340: g++ -c   conftest.cpp >&5
configure:5340: $? = 0
configure:5349: result: yes
configure:5358: checking whether g++ accepts -g
configure:5378: g++ -c -g  conftest.cpp >&5
configure:5378: $? = 0
configure:5419: result: yes
configure:5444: checking dependency style of g++
configure:5534: result: gcc3
configure:5561: checking how to run the C++ preprocessor
configure:5588: g++ -E  conftest.cpp
configure:5588: $? = 0
configure:5602: g++ -E  conftest.cpp
conftest.cpp:22:28: fatal error: ac_nonexistent.h: No such file or directory
 #include <ac_nonexistent.h>
                            ^
compilation terminated.
configure:5602: $? = 1
configure: failed program was:
| /* confdefs.h */
| #define PACKAGE_NAME "wsharktest"
| #define PACKAGE_TARNAME "wsharktest"
| #define PACKAGE_VERSION "0.1"
| #define PACKAGE_STRING "wsharktest 0.1"
| #define PACKAGE_BUGREPORT "peloy@chapus.net"
| #define PACKAGE_URL ""
| #define PACKAGE "wsharktest"
| #define VERSION "0.1"
| #define STDC_HEADERS 1
| #define HAVE_SYS_TYPES_H 1
| #define HAVE_SYS_STAT_H 1
| #define HAVE_STDLIB_H 1
| #define HAVE_STRING_H 1
| #define HAVE_MEMORY_H 1
| #define HAVE_STRINGS_H 1
| #define HAVE_INTTYPES_H 1
| #define HAVE_STDINT_H 1
| #define HAVE_UNISTD_H 1
| #define HAVE_DLFCN_H 1
| /* end confdefs.h.  */
| #include <ac_nonexistent.h>
configure:5627: result: g++ -E
configure:5647: g++ -E  conftest.cpp
configure:5647: $? = 0
configure:5661: g++ -E  conftest.cpp
conftest.cpp:22:28: fatal error: ac_nonexistent.h: No such file or directory
 #include <ac_nonexistent.h>
                            ^
compilation terminated.
configure:5661: $? = 1
configure: failed program was:
| /* confdefs.h */
| #define PACKAGE_NAME "wsharktest"
| #define PACKAGE_TARNAME "wsharktest"
| #define PACKAGE_VERSION "0.1"
| #define PACKAGE_STRING "wsharktest 0.1"
| #define PACKAGE_BUGREPORT "peloy@chapus.net"
| #define PACKAGE_URL ""
| #define PACKAGE "wsharktest"
| #define VERSION "0.1"
| #define STDC_HEADERS 1
| #define HAVE_SYS_TYPES_H 1
| #define HAVE_SYS_STAT_H 1
| #define HAVE_STDLIB_H 1
| #define HAVE_STRING_H 1
| #define HAVE_MEMORY_H 1
| #define HAVE_STRINGS_H 1
| #define HAVE_INTTYPES_H 1
| #define HAVE_STDINT_H 1
| #define HAVE_UNISTD_H 1
| #define HAVE_DLFCN_H 1
| /* end confdefs.h.  */
| #include <ac_nonexistent.h>
configure:5745: checking for g77
configure:5775: result: no
configure:5745: checking for xlf
configure:5775: result: no
configure:5745: checking for f77
configure:5775: result: no
configure:5745: checking for frt
configure:5775: result: no
configure:5745: checking for pgf77
configure:5775: result: no
configure:5745: checking for cf77
configure:5775: result: no
configure:5745: checking for fort77
configure:5775: result: no
configure:5745: checking for fl32
configure:5775: result: no
configure:5745: checking for af77
configure:5775: result: no
configure:5745: checking for xlf90
configure:5775: result: no
configure:5745: checking for f90
configure:5775: result: no
configure:5745: checking for pgf90
configure:5775: result: no
configure:5745: checking for pghpf
configure:5775: result: no
configure:5745: checking for epcf90
configure:5775: result: no
configure:5745: checking for gfortran
configure:5775: result: no
configure:5745: checking for g95
configure:5775: result: no
configure:5745: checking for xlf95
configure:5775: result: no
configure:5745: checking for f95
configure:5775: result: no
configure:5745: checking for fort
configure:5775: result: no
configure:5745: checking for ifort
configure:5775: result: no
configure:5745: checking for ifc
configure:5775: result: no
configure:5745: checking for efc
configure:5775: result: no
configure:5745: checking for pgfortran
configure:5775: result: no
configure:5745: checking for pgf95
configure:5775: result: no
configure:5745: checking for lf95
configure:5775: result: no
configure:5745: checking for ftn
configure:5775: result: no
configure:5745: checking for nagfor
configure:5775: result: no
configure:5798: checking for Fortran 77 compiler version
configure:5807:  --version >&5
./configure: line 5809: --version: command not found
configure:5818: $? = 127
configure:5807:  -v >&5
./configure: line 5809: -v: command not found
configure:5818: $? = 127
configure:5807:  -V >&5
./configure: line 5809: -V: command not found
configure:5818: $? = 127
configure:5807:  -qversion >&5
./configure: line 5809: -qversion: command not found
configure:5818: $? = 127
configure:5827: checking whether we are using the GNU Fortran 77 compiler
configure:5840:  -c  conftest.F >&5
./configure: line 2128: -c: command not found
configure:5840: $? = 127
configure: failed program was:
|       program main
| #ifndef __GNUC__
|        choke me
| #endif
| 
|       end
configure:5849: result: no
configure:5855: checking whether  accepts -g
configure:5866:  -c -g conftest.f >&5
./configure: line 2128: -c: command not found
configure:5866: $? = 127
configure: failed program was:
|       program main
| 
|       end
configure:5874: result: no
configure:5907: checking the maximum length of command line arguments
configure:6019: result: 3458764513820540925
configure:6031: checking command to parse /usr/bin/nm -B output from gcc object
configure:6136: gcc -c -g -O2  conftest.c >&5
configure:6139: $? = 0
configure:6143: /usr/bin/nm -B conftest.o \| sed -n -e 's/^.*[ 	]\([ABCDGIRSTW][ABCDGIRSTW]*\)[ 	][ 	]*\([_A-Za-z][_A-Za-z0-9]*\)$/\1 \2 \2/p' \> conftest.nm
configure:6146: $? = 0
configure:6198: gcc -o conftest -g -O2   conftest.c conftstm.o >&5
configure:6201: $? = 0
configure:6239: result: ok
configure:6243: checking for objdir
configure:6258: result: .libs
configure:6350: checking for ar
configure:6366: found /usr/bin/ar
configure:6377: result: ar
configure:6442: checking for ranlib
configure:6458: found /usr/bin/ranlib
configure:6469: result: ranlib
configure:6534: checking for strip
configure:6550: found /usr/bin/strip
configure:6561: result: strip
configure:7122: checking if gcc supports -fno-rtti -fno-exceptions
configure:7140: gcc -c -g -O2  -fno-rtti -fno-exceptions conftest.c >&5
cc1: warning: command line option '-fno-rtti' is valid for C++/ObjC++ but not for C
configure:7144: $? = 0
configure:7157: result: no
configure:7172: checking for gcc option to produce PIC
configure:7404: result: -fPIC
configure:7412: checking if gcc PIC flag -fPIC works
configure:7430: gcc -c -g -O2  -fPIC -DPIC conftest.c >&5
configure:7434: $? = 0
configure:7447: result: yes
configure:7475: checking if gcc static flag -static works
configure:7503: result: yes
configure:7513: checking if gcc supports -c -o file.o
configure:7534: gcc -c -g -O2  -o out/conftest2.o conftest.c >&5
configure:7538: $? = 0
configure:7560: result: yes
configure:7586: checking whether the gcc linker (/usr/bin/ld -m elf_x86_64) supports shared libraries
configure:8513: result: yes
configure:8534: checking whether -lc should be explicitly linked in
configure:8539: gcc -c -g -O2  conftest.c >&5
configure:8542: $? = 0
configure:8557: gcc -shared conftest.o  -v -Wl,-soname -Wl,conftest -o conftest 2\>\&1 \| grep  -lc  \>/dev/null 2\>\&1
configure:8560: $? = 0
configure:8572: result: no
configure:8580: checking dynamic linker characteristics
configure:9194: result: GNU/Linux ld.so
configure:9218: checking how to hardcode library paths into programs
configure:9243: result: immediate
configure:9257: checking whether stripping libraries is possible
configure:9262: result: yes
configure:9779: checking if libtool supports shared libraries
configure:9781: result: yes
configure:9784: checking whether to build shared libraries
configure:9805: result: yes
configure:9808: checking whether to build static libraries
configure:9812: result: yes
configure:9906: creating libtool
configure:10495: checking for ld used by g++
configure:10562: result: /usr/bin/ld -m elf_x86_64
configure:10569: checking if the linker (/usr/bin/ld -m elf_x86_64) is GNU ld
configure:10584: result: yes
configure:10635: checking whether the g++ linker (/usr/bin/ld -m elf_x86_64) supports shared libraries
configure:11527: result: yes
configure:11544: g++ -c -g -O2  conftest.cpp >&5
configure:11547: $? = 0
configure:11703: checking for g++ option to produce PIC
configure:11987: result: -fPIC
configure:11995: checking if g++ PIC flag -fPIC works
configure:12013: g++ -c -g -O2  -fPIC -DPIC conftest.cpp >&5
configure:12017: $? = 0
configure:12030: result: yes
configure:12058: checking if g++ static flag -static works
configure:12086: result: yes
configure:12096: checking if g++ supports -c -o file.o
configure:12117: g++ -c -g -O2  -o out/conftest2.o conftest.cpp >&5
configure:12121: $? = 0
configure:12143: result: yes
configure:12169: checking whether the g++ linker (/usr/bin/ld -m elf_x86_64) supports shared libraries
configure:12198: result: yes
configure:12265: checking dynamic linker characteristics
configure:12827: result: GNU/Linux ld.so
configure:12851: checking how to hardcode library paths into programs
configure:12876: result: immediate
configure:19023: checking for wtap_dump_can_open in -lwiretap
configure:19048: gcc -o conftest -g -O2   conftest.c -lwiretap   -L/usr/lib/wireshark >&5
configure:19048: $? = 0
configure:19057: result: yes
configure:19068: checking for epan_init in -lwireshark
configure:19093: gcc -o conftest -g -O2   conftest.c -lwireshark  -lwiretap  -L/usr/lib/wireshark >&5
configure:19093: $? = 0
configure:19102: result: yes
configure:19113: checking for pcap_open_live in -lpcap
configure:19138: gcc -o conftest -g -O2   conftest.c -lpcap  -lwireshark -lwiretap  -L/usr/lib/wireshark >&5
configure:19138: $? = 0
configure:19147: result: yes
configure:19160: checking for ANSI C header files
configure:19264: result: yes
configure:19275: checking for stdlib.h
configure:19275: result: yes
configure:19275: checking stdarg.h usability
configure:19275: gcc -c -g -O2  conftest.c >&5
configure:19275: $? = 0
configure:19275: result: yes
configure:19275: checking stdarg.h presence
configure:19275: gcc -E  conftest.c
configure:19275: $? = 0
configure:19275: result: yes
configure:19275: checking for stdarg.h
configure:19275: result: yes
configure:19427: creating ./config.status

## ---------------- ##
## Cache variables. ##
## ---------------- ##

ac_cv_build=x86_64-unknown-linux-gnu
ac_cv_c_compiler_gnu=yes
ac_cv_cxx_compiler_gnu=yes
ac_cv_env_CCC_set=
ac_cv_env_CCC_value=
ac_cv_env_CC_set=
ac_cv_env_CC_value=
ac_cv_env_CFLAGS_set=
ac_cv_env_CFLAGS_value=
ac_cv_env_CPPFLAGS_set=
ac_cv_env_CPPFLAGS_value=
ac_cv_env_CPP_set=
ac_cv_env_CPP_value=
ac_cv_env_CXXCPP_set=
ac_cv_env_CXXCPP_value=
ac_cv_env_CXXFLAGS_set=
ac_cv_env_CXXFLAGS_value=
ac_cv_env_CXX_set=
ac_cv_env_CXX_value=
ac_cv_env_F77_set=
ac_cv_env_F77_value=
ac_cv_env_FFLAGS_set=
ac_cv_env_FFLAGS_value=
ac_cv_env_LDFLAGS_set=
ac_cv_env_LDFLAGS_value=
ac_cv_env_LIBS_set=
ac_cv_env_LIBS_value=
ac_cv_env_build_alias_set=
ac_cv_env_build_alias_value=
ac_cv_env_host_alias_set=
ac_cv_env_host_alias_value=
ac_cv_env_target_alias_set=
ac_cv_env_target_alias_value=
ac_cv_f77_compiler_gnu=no
ac_cv_header_dlfcn_h=yes
ac_cv_header_inttypes_h=yes
ac_cv_header_memory_h=yes
ac_cv_header_stdarg_h=yes
ac_cv_header_stdc=yes
ac_cv_header_stdint_h=yes
ac_cv_header_stdlib_h=yes
ac_cv_header_string_h=yes
ac_cv_header_strings_h=yes
ac_cv_header_sys_stat_h=yes
ac_cv_header_sys_types_h=yes
ac_cv_header_unistd_h=yes
ac_cv_host=x86_64-unknown-linux-gnu
ac_cv_lib_pcap_pcap_open_live=yes
ac_cv_lib_wireshark_epan_init=yes
ac_cv_lib_wiretap_wtap_dump_can_open=yes
ac_cv_objext=o
ac_cv_path_EGREP='/bin/grep -E'
ac_cv_path_GREP=/bin/grep
ac_cv_path_install='/usr/bin/install -c'
ac_cv_prog_AWK=mawk
ac_cv_prog_CPP='gcc -E'
ac_cv_prog_CXXCPP='g++ -E'
ac_cv_prog_ac_ct_AR=ar
ac_cv_prog_ac_ct_CC=gcc
ac_cv_prog_ac_ct_CXX=g++
ac_cv_prog_ac_ct_RANLIB=ranlib
ac_cv_prog_ac_ct_STRIP=strip
ac_cv_prog_cc_c89=
ac_cv_prog_cc_g=yes
ac_cv_prog_cxx_g=yes
ac_cv_prog_f77_g=no
ac_cv_prog_make_make_set=yes
am_cv_CC_dependencies_compiler_type=gcc3
am_cv_CXX_dependencies_compiler_type=gcc3
lt_cv_deplibs_check_method=pass_all
lt_cv_file_magic_cmd='$MAGIC_CMD'
lt_cv_file_magic_test_file=
lt_cv_ld_reload_flag=-r
lt_cv_objdir=.libs
lt_cv_path_LD=/usr/bin/ld
lt_cv_path_LDCXX='/usr/bin/ld -m elf_x86_64'
lt_cv_path_NM='/usr/bin/nm -B'
lt_cv_path_SED=/bin/sed
lt_cv_prog_compiler_c_o=yes
lt_cv_prog_compiler_c_o_CXX=yes
lt_cv_prog_compiler_pic_works=yes
lt_cv_prog_compiler_pic_works_CXX=yes
lt_cv_prog_compiler_rtti_exceptions=no
lt_cv_prog_compiler_static_works=yes
lt_cv_prog_compiler_static_works_CXX=yes
lt_cv_prog_gnu_ld=yes
lt_cv_prog_gnu_ldcxx=yes
lt_cv_sys_global_symbol_pipe='sed -n -e '\''s/^.*[ 	]\([ABCDGIRSTW][ABCDGIRSTW]*\)[ 	][ 	]*\([_A-Za-z][_A-Za-z0-9]*\)$/\1 \2 \2/p'\'''
lt_cv_sys_global_symbol_to_c_name_address='sed -n -e '\''s/^: \([^ ]*\) $/  {\"\1\", (lt_ptr) 0},/p'\'' -e '\''s/^[BCDEGRST] \([^ ]*\) \([^ ]*\)$/  {"\2", (lt_ptr) \&\2},/p'\'''
lt_cv_sys_global_symbol_to_cdecl='sed -n -e '\''s/^. .* \(.*\)$/extern int \1;/p'\'''
lt_cv_sys_lib_dlsearch_path_spec='/lib /usr/lib /usr/lib/x86_64-linux-gnu/libfakeroot /usr/lib/i386-linux-gnu/mesa /lib/i386-linux-gnu /usr/lib/i386-linux-gnu /lib/i686-linux-gnu /usr/lib/i686-linux-gnu /usr/local/lib /lib/x86_64-linux-gnu /usr/lib/x86_64-linux-gnu /usr/lib/x86_64-linux-gnu/mesa-egl /usr/lib/x86_64-linux-gnu/mesa /usr/lib/x86_64-linux-gnu/mir/clientplatform/mesa /lib32 /usr/lib32 /libx32 /usr/libx32 '
lt_cv_sys_lib_search_path_spec='/usr/lib/gcc/x86_64-linux-gnu/4.9 /usr/lib/x86_64-linux-gnu /usr/lib /lib/x86_64-linux-gnu /lib'
lt_cv_sys_max_cmd_len=3458764513820540925
lt_lt_cv_prog_compiler_c_o='"yes"'
lt_lt_cv_prog_compiler_c_o_CXX='"yes"'
lt_lt_cv_sys_global_symbol_pipe='"sed -n -e '\''s/^.*[ 	]\\([ABCDGIRSTW][ABCDGIRSTW]*\\)[ 	][ 	]*\\([_A-Za-z][_A-Za-z0-9]*\\)\$/\\1 \\2 \\2/p'\''"'
lt_lt_cv_sys_global_symbol_to_c_name_address='"sed -n -e '\''s/^: \\([^ ]*\\) \$/  {\\\"\\1\\\", (lt_ptr) 0},/p'\'' -e '\''s/^[BCDEGRST] \\([^ ]*\\) \\([^ ]*\\)\$/  {\"\\2\", (lt_ptr) \\&\\2},/p'\''"'
lt_lt_cv_sys_global_symbol_to_cdecl='"sed -n -e '\''s/^. .* \\(.*\\)\$/extern int \\1;/p'\''"'

## ----------------- ##
## Output variables. ##
## ----------------- ##

ACLOCAL='${SHELL} /home/mehul/Desktop/temp_cp/missing --run aclocal-1.9'
AMDEPBACKSLASH='\'
AMDEP_FALSE='#'
AMDEP_TRUE=''
AMTAR='${SHELL} /home/mehul/Desktop/temp_cp/missing --run tar'
AR='ar'
AUTOCONF='${SHELL} /home/mehul/Desktop/temp_cp/missing --run autoconf'
AUTOHEADER='${SHELL} /home/mehul/Desktop/temp_cp/missing --run autoheader'
AUTOMAKE='${SHELL} /home/mehul/Desktop/temp_cp/missing --run automake-1.9'
AWK='mawk'
CC='gcc'
CCDEPMODE='depmode=gcc3'
CFLAGS='-g -O2'
CPP='gcc -E'
CPPFLAGS=''
CXX='g++'
CXXCPP='g++ -E'
CXXDEPMODE='depmode=gcc3'
CXXFLAGS='-g -O2'
CYGPATH_W='echo'
DEFS='-DHAVE_CONFIG_H'
DEPDIR='.deps'
DSYMUTIL=''
ECHO='echo'
ECHO_C=''
ECHO_N='-n'
ECHO_T=''
EGREP='/bin/grep -E'
EXEEXT=''
F77=''
FFLAGS=''
GREP='/bin/grep'
INSTALL_DATA='${INSTALL} -m 644'
INSTALL_PROGRAM='${INSTALL}'
INSTALL_SCRIPT='${INSTALL}'
INSTALL_STRIP_PROGRAM='${SHELL} $(install_sh) -c -s'
LDFLAGS=''
LIBOBJS=''
LIBS='-lpcap -lwireshark -lwiretap  -L/usr/lib/wireshark'
LIBTOOL='$(SHELL) $(top_builddir)/libtool'
LN_S='ln -s'
LTLIBOBJS=''
MAKEINFO='${SHELL} /home/mehul/Desktop/temp_cp/missing --run makeinfo'
NMEDIT=''
OBJEXT='o'
PACKAGE='wsharktest'
PACKAGE_BUGREPORT='peloy@chapus.net'
PACKAGE_NAME='wsharktest'
PACKAGE_STRING='wsharktest 0.1'
PACKAGE_TARNAME='wsharktest'
PACKAGE_URL=''
PACKAGE_VERSION='0.1'
PATH_SEPARATOR=':'
RANLIB='ranlib'
SED='/bin/sed'
SET_MAKE=''
SHELL='/bin/bash'
STRIP='strip'
VERSION='0.1'
ac_ct_CC='gcc'
ac_ct_CXX='g++'
ac_ct_F77=''
am__fastdepCC_FALSE='#'
am__fastdepCC_TRUE=''
am__fastdepCXX_FALSE='#'
am__fastdepCXX_TRUE=''
am__include='include'
am__leading_dot='.'
am__quote=''
am__tar='${AMTAR} chof - "$$tardir"'
am__untar='${AMTAR} xf -'
bindir='${exec_prefix}/bin'
build='x86_64-unknown-linux-gnu'
build_alias=''
build_cpu='x86_64'
build_os='linux-gnu'
build_vendor='unknown'
datadir='${datarootdir}'
datarootdir='${prefix}/share'
docdir='${datarootdir}/doc/${PACKAGE_TARNAME}'
dvidir='${docdir}'
exec_prefix='${prefix}'
host='x86_64-unknown-linux-gnu'
host_alias=''
host_cpu='x86_64'
host_os='linux-gnu'
host_vendor='unknown'
htmldir='${docdir}'
includedir='${prefix}/include'
infodir='${datarootdir}/info'
install_sh='/home/mehul/Desktop/temp_cp/install-sh'
libdir='${exec_prefix}/lib'
libexecdir='${exec_prefix}/libexec'
localedir='${datarootdir}/locale'
localstatedir='${prefix}/var'
mandir='${datarootdir}/man'
mkdir_p='mkdir -p --'
oldincludedir='/usr/include'
pdfdir='${docdir}'
prefix='/usr/local'
program_transform_name='s,x,x,'
psdir='${docdir}'
sbindir='${exec_prefix}/sbin'
sharedstatedir='${prefix}/com'
sysconfdir='${prefix}/etc'
target_alias=''

## ----------- ##
## confdefs.h. ##
## ----------- ##

/* confdefs.h */
#define PACKAGE_NAME "wsharktest"
#define PACKAGE_TARNAME "wsharktest"
#define PACKAGE_VERSION "0.1"
#define PACKAGE_STRING "wsharktest 0.1"
#define PACKAGE_BUGREPORT "peloy@chapus.net"
#define PACKAGE_URL ""
#define PACKAGE "wsharktest"
#define VERSION "0.1"
#define STDC_HEADERS 1
#define HAVE_SYS_TYPES_H 1
#define HAVE_SYS_STAT_H 1
#define HAVE_STDLIB_H 1
#define HAVE_STRING_H 1
#define HAVE_MEMORY_H 1
#define HAVE_STRINGS_H 1
#define HAVE_INTTYPES_H 1
#define HAVE_STDINT_H 1
#define HAVE_UNISTD_H 1
#define HAVE_DLFCN_H 1
#define HAVE_LIBWIRETAP 1
#define HAVE_LIBWIRESHARK 1
#define HAVE_LIBPCAP 1
#define STDC_HEADERS 1
#define HAVE_STDLIB_H 1
#define HAVE_STDARG_H 1
#define WS_VAR_IMPORT extern

configure: exit 0

## ---------------------- ##
## Running config.status. ##
## ---------------------- ##

This file was extended by wsharktest config.status 0.1, which was
generated by GNU Autoconf 2.69.  Invocation command line was

  CONFIG_FILES    = 
  CONFIG_HEADERS  = 
  CONFIG_LINKS    = 
  CONFIG_COMMANDS = 
  $ ./config.status 

on idp

config.status:876: creating Makefile
config.status:876: creating config.h
config.status:1051: config.h is unchanged
config.status:1098: executing depfiles commands

## ---------------------- ##
## Running config.status. ##
## ---------------------- ##

This file was extended by wsharktest config.status 0.1, which was
generated by GNU Autoconf 2.69.  Invocation command line was

  CONFIG_FILES    = 
  CONFIG_HEADERS  = 
  CONFIG_LINKS    = 
  CONFIG_COMMANDS = 
  $ ./config.status config.h

on idp

config.status:876: creating config.h
